Determining if the pthread_create exist failed with the following output:
Change Dir: /home/omer/Desktop/לימודים/שנה ב/תכנות מתקדם 1/ex3/cmake-build-debug/CMakeFiles/CMakeTmp

Run Build Command:"/usr/bin/make" "cmTC_fedb6/fast"
/usr/bin/make -f CMakeFiles/cmTC_fedb6.dir/build.make CMakeFiles/cmTC_fedb6.dir/build
make[1]: Entering directory '/home/omer/Desktop/לימודים/שנה ב/תכנות מתקדם 1/ex3/cmake-build-debug/CMakeFiles/CMakeTmp'
Building C object CMakeFiles/cmTC_fedb6.dir/CheckSymbolExists.c.o
/usr/bin/cc    -o CMakeFiles/cmTC_fedb6.dir/CheckSymbolExists.c.o   -c "/home/omer/Desktop/לימודים/שנה ב/תכנות מתקדם 1/ex3/cmake-build-debug/CMakeFiles/CMakeTmp/CheckSymbolExists.c"
Linking C executable cmTC_fedb6
/home/omer/clion-2017.3/bin/cmake/bin/cmake -E cmake_link_script CMakeFiles/cmTC_fedb6.dir/link.txt --verbose=1
/usr/bin/cc      -rdynamic CMakeFiles/cmTC_fedb6.dir/CheckSymbolExists.c.o  -o cmTC_fedb6 
CMakeFiles/cmTC_fedb6.dir/CheckSymbolExists.c.o: In function `main':
CheckSymbolExists.c:(.text+0x16): undefined reference to `pthread_create'
collect2: error: ld returned 1 exit status
CMakeFiles/cmTC_fedb6.dir/build.make:97: recipe for target 'cmTC_fedb6' failed
make[1]: *** [cmTC_fedb6] Error 1
make[1]: Leaving directory '/home/omer/Desktop/לימודים/שנה ב/תכנות מתקדם 1/ex3/cmake-build-debug/CMakeFiles/CMakeTmp'
Makefile:126: recipe for target 'cmTC_fedb6/fast' failed
make: *** [cmTC_fedb6/fast] Error 2

File /home/omer/Desktop/לימודים/שנה ב/תכנות מתקדם 1/ex3/cmake-build-debug/CMakeFiles/CMakeTmp/CheckSymbolExists.c:
/* */
#include <pthread.h>

int main(int argc, char** argv)
{
  (void)argv;
#ifndef pthread_create
  return ((int*)(&pthread_create))[argc];
#else
  (void)argc;
  return 0;
#endif
}

